0 info it worked if it ends with ok
1 verbose cli [ 'C:\\Program Files\\nodejs\\node.exe',
1 verbose cli   'C:\\Program Files\\nodejs\\node_modules\\npm\\bin\\npm-cli.js',
1 verbose cli   'install',
1 verbose cli   '-g',
1 verbose cli   'gulpjs/gulp-cli#4.0' ]
2 info using npm@3.8.6
3 info using node@v5.11.1
4 silly loadCurrentTree Starting
5 silly install loadCurrentTree
6 silly install readGlobalPackageData
7 silly fetchPackageMetaData gulpjs/gulp-cli#4.0
8 silly fetchOtherPackageData gulpjs/gulp-cli#4.0
9 silly cache add args [ 'gulpjs/gulp-cli#4.0', null ]
10 verbose cache add spec gulpjs/gulp-cli#4.0
11 silly cache add parsed spec Result {
11 silly cache add   raw: 'gulpjs/gulp-cli#4.0',
11 silly cache add   scope: null,
11 silly cache add   name: null,
11 silly cache add   rawSpec: 'gulpjs/gulp-cli#4.0',
11 silly cache add   spec: 'github:gulpjs/gulp-cli#4.0',
11 silly cache add   type: 'hosted',
11 silly cache add   hosted:
11 silly cache add    { type: 'github',
11 silly cache add      ssh: 'git@github.com:gulpjs/gulp-cli.git#4.0',
11 silly cache add      sshUrl: 'git+ssh://git@github.com/gulpjs/gulp-cli.git#4.0',
11 silly cache add      httpsUrl: 'git+https://github.com/gulpjs/gulp-cli.git#4.0',
11 silly cache add      gitUrl: 'git://github.com/gulpjs/gulp-cli.git#4.0',
11 silly cache add      shortcut: 'github:gulpjs/gulp-cli#4.0',
11 silly cache add      directUrl: 'https://raw.githubusercontent.com/gulpjs/gulp-cli/4.0/package.json' } }
12 verbose addRemoteGit caching gulpjs/gulp-cli#4.0
13 verbose addRemoteGit gulpjs/gulp-cli#4.0 is a repository hosted by github
14 silly tryGitProto attempting to clone git://github.com/gulpjs/gulp-cli.git#4.0
15 silly tryClone cloning gulpjs/gulp-cli#4.0 via git://github.com/gulpjs/gulp-cli.git#4.0
16 verbose tryClone git-github-com-gulpjs-gulp-cli-git-4-0-177dc8bb not in flight; caching
17 verbose correctMkdir C:\Users\hyun-jin\AppData\Roaming\npm-cache\_git-remotes correctMkdir not in flight; initializing
18 info git [ 'config', '--get', 'remote.origin.url' ]
19 silly validateExistingRemote gulpjs/gulp-cli#4.0 remote.origin.url: git://github.com/gulpjs/gulp-cli.git
20 verbose validateExistingRemote gulpjs/gulp-cli#4.0 is updating existing cached remote C:\Users\hyun-jin\AppData\Roaming\npm-cache\_git-remotes\git-github-com-gulpjs-gulp-cli-git-4-0-177dc8bb
21 info git [ 'fetch', '-a', 'origin' ]
22 verbose updateRemote git fetch -a origin (git://github.com/gulpjs/gulp-cli.git)
23 verbose setPermissions gulpjs/gulp-cli#4.0 skipping chownr on Windows
24 verbose resolveHead gulpjs/gulp-cli#4.0 original treeish: 4.0
25 info git [ 'rev-list', '-n1', '4.0' ]
26 error git rev-list -n1 4.0: fatal: ambiguous argument '4.0': unknown revision or path not in the working tree.
26 error git rev-list -n1 4.0: Use '--' to separate paths from revisions, like this:
26 error git rev-list -n1 4.0: 'git <command> [<revision>...] -- [<file>...]'
27 silly tryHTTPS attempting to clone git+https://github.com/gulpjs/gulp-cli.git#4.0
28 silly tryClone cloning gulpjs/gulp-cli#4.0 via git+https://github.com/gulpjs/gulp-cli.git#4.0
29 verbose tryClone git-https-github-com-gulpjs-gulp-cli-git-4-0-4d1486f1 not in flight; caching
30 verbose correctMkdir C:\Users\hyun-jin\AppData\Roaming\npm-cache\_git-remotes correctMkdir not in flight; initializing
31 info git [ 'config', '--get', 'remote.origin.url' ]
32 silly validateExistingRemote gulpjs/gulp-cli#4.0 remote.origin.url: https://github.com/gulpjs/gulp-cli.git
33 verbose validateExistingRemote gulpjs/gulp-cli#4.0 is updating existing cached remote C:\Users\hyun-jin\AppData\Roaming\npm-cache\_git-remotes\git-https-github-com-gulpjs-gulp-cli-git-4-0-4d1486f1
34 info git [ 'fetch', '-a', 'origin' ]
35 verbose updateRemote git fetch -a origin (https://github.com/gulpjs/gulp-cli.git)
36 verbose setPermissions gulpjs/gulp-cli#4.0 skipping chownr on Windows
37 verbose resolveHead gulpjs/gulp-cli#4.0 original treeish: 4.0
38 info git [ 'rev-list', '-n1', '4.0' ]
39 error git rev-list -n1 4.0: fatal: ambiguous argument '4.0': unknown revision or path not in the working tree.
39 error git rev-list -n1 4.0: Use '--' to separate paths from revisions, like this:
39 error git rev-list -n1 4.0: 'git <command> [<revision>...] -- [<file>...]'
40 silly trySSH attempting to clone git@github.com:gulpjs/gulp-cli.git#4.0
41 silly tryClone cloning gulpjs/gulp-cli#4.0 via git@github.com:gulpjs/gulp-cli.git#4.0
42 verbose tryClone git-github-com-gulpjs-gulp-cli-git-4-0-799725fb not in flight; caching
43 verbose correctMkdir C:\Users\hyun-jin\AppData\Roaming\npm-cache\_git-remotes correctMkdir not in flight; initializing
44 info git [ 'config', '--get', 'remote.origin.url' ]
45 silly validateExistingRemote gulpjs/gulp-cli#4.0 remote.origin.url: git@github.com:gulpjs/gulp-cli.git
46 verbose validateExistingRemote gulpjs/gulp-cli#4.0 is updating existing cached remote C:\Users\hyun-jin\AppData\Roaming\npm-cache\_git-remotes\git-github-com-gulpjs-gulp-cli-git-4-0-799725fb
47 info git [ 'fetch', '-a', 'origin' ]
48 verbose updateRemote git fetch -a origin (git@github.com:gulpjs/gulp-cli.git)
49 verbose setPermissions gulpjs/gulp-cli#4.0 skipping chownr on Windows
50 verbose resolveHead gulpjs/gulp-cli#4.0 original treeish: 4.0
51 info git [ 'rev-list', '-n1', '4.0' ]
52 error git rev-list -n1 4.0: fatal: ambiguous argument '4.0': unknown revision or path not in the working tree.
52 error git rev-list -n1 4.0: Use '--' to separate paths from revisions, like this:
52 error git rev-list -n1 4.0: 'git <command> [<revision>...] -- [<file>...]'
53 silly fetchPackageMetaData Error: Command failed: git -c core.longpaths=true rev-list -n1 4.0
53 silly fetchPackageMetaData fatal: ambiguous argument '4.0': unknown revision or path not in the working tree.
53 silly fetchPackageMetaData Use '--' to separate paths from revisions, like this:
53 silly fetchPackageMetaData 'git <command> [<revision>...] -- [<file>...]'
53 silly fetchPackageMetaData
53 silly fetchPackageMetaData     at ChildProcess.exithandler (child_process.js:202:12)
53 silly fetchPackageMetaData     at emitTwo (events.js:100:13)
53 silly fetchPackageMetaData     at ChildProcess.emit (events.js:185:7)
53 silly fetchPackageMetaData     at maybeClose (internal/child_process.js:850:16)
53 silly fetchPackageMetaData     at Process.ChildProcess._handle.onexit (internal/child_process.js:215:5)
53 silly fetchPackageMetaData  error for gulpjs/gulp-cli#4.0 { [Error: Command failed: git -c core.longpaths=true rev-list -n1 4.0
53 silly fetchPackageMetaData fatal: ambiguous argument '4.0': unknown revision or path not in the working tree.
53 silly fetchPackageMetaData Use '--' to separate paths from revisions, like this:
53 silly fetchPackageMetaData 'git <command> [<revision>...] -- [<file>...]'
53 silly fetchPackageMetaData ]
53 silly fetchPackageMetaData   killed: false,
53 silly fetchPackageMetaData   code: 128,
53 silly fetchPackageMetaData   signal: null,
53 silly fetchPackageMetaData   cmd: 'git -c core.longpaths=true rev-list -n1 4.0' }
54 silly rollbackFailedOptional Starting
55 silly rollbackFailedOptional Finishing
56 silly runTopLevelLifecycles Starting
57 silly runTopLevelLifecycles Finishing
58 silly install printInstalled
59 verbose stack Error: Command failed: git -c core.longpaths=true rev-list -n1 4.0
59 verbose stack fatal: ambiguous argument '4.0': unknown revision or path not in the working tree.
59 verbose stack Use '--' to separate paths from revisions, like this:
59 verbose stack 'git <command> [<revision>...] -- [<file>...]'
59 verbose stack
59 verbose stack     at ChildProcess.exithandler (child_process.js:202:12)
59 verbose stack     at emitTwo (events.js:100:13)
59 verbose stack     at ChildProcess.emit (events.js:185:7)
59 verbose stack     at maybeClose (internal/child_process.js:850:16)
59 verbose stack     at Process.ChildProcess._handle.onexit (internal/child_process.js:215:5)
60 verbose cwd C:\Users\hyun-jin\portfolio
61 error Windows_NT 10.0.14393
62 error argv "C:\\Program Files\\nodejs\\node.exe" "C:\\Program Files\\nodejs\\node_modules\\npm\\bin\\npm-cli.js" "install" "-g" "gulpjs/gulp-cli#4.0"
63 error node v5.11.1
64 error npm  v3.8.6
65 error code 128
66 error Command failed: git -c core.longpaths=true rev-list -n1 4.0
66 error fatal: ambiguous argument '4.0': unknown revision or path not in the working tree.
66 error Use '--' to separate paths from revisions, like this:
66 error 'git <command> [<revision>...] -- [<file>...]'
67 error If you need help, you may report this error at:
67 error     <https://github.com/npm/npm/issues>
68 verbose exit [ 1, true ]
